<?xml version="1.0" encoding="UTF-8"?>
<testng-results ignored="0" total="20" passed="20" failed="0" skipped="0">
  <reporter-output>
  </reporter-output>
  <suite started-at="2023-10-09T17:22:08 GMT" name="flight-reservation" finished-at="2023-10-09T17:22:42 GMT" duration-ms="34257">
    <groups>
    </groups>
    <test started-at="2023-10-09T17:22:08 GMT" name="passengers-count-2" finished-at="2023-10-09T17:22:39 GMT" duration-ms="31750">
      <class name="com.vinsguru.tests.flightreservation.FlightReservationTest">
        <test-method is-config="true" signature="setDriver(org.testng.ITestContext)[pri:0, instance:com.vinsguru.tests.flightreservation.FlightReservationTest@31920ade]" started-at="2023-10-09T17:22:08 GMT" name="setDriver" finished-at="2023-10-09T17:22:27 GMT" duration-ms="19228" status="PASS">
          <params>
            <param index="0">
              <value>
                <![CDATA[org.testng.TestRunner@51fadaff]]>
              </value>
            </param>
          </params>
          <reporter-output>
          </reporter-output>
        </test-method> <!-- setDriver -->
        <test-method is-config="true" signature="setParameters(java.lang.String)[pri:0, instance:com.vinsguru.tests.flightreservation.FlightReservationTest@31920ade]" started-at="2023-10-09T17:22:27 GMT" name="setParameters" finished-at="2023-10-09T17:22:27 GMT" depends-on-methods="com.vinsguru.tests.AbstractTest.setDriver" duration-ms="403" status="PASS">
          <params>
            <param index="0">
              <value>
                <![CDATA[test-data/flight-reservation/passenger-2.json]]>
              </value>
            </param>
          </params>
          <reporter-output>
          </reporter-output>
        </test-method> <!-- setParameters -->
        <test-method signature="userRegistrationTest()[pri:0, instance:com.vinsguru.tests.flightreservation.FlightReservationTest@31920ade]" started-at="2023-10-09T17:22:27 GMT" name="userRegistrationTest" finished-at="2023-10-09T17:22:32 GMT" duration-ms="4510" status="PASS">
          <reporter-output>
          </reporter-output>
        </test-method> <!-- userRegistrationTest -->
        <test-method signature="registrationConfirmationTest()[pri:0, instance:com.vinsguru.tests.flightreservation.FlightReservationTest@31920ade]" started-at="2023-10-09T17:22:32 GMT" name="registrationConfirmationTest" finished-at="2023-10-09T17:22:33 GMT" depends-on-methods="com.vinsguru.tests.flightreservation.FlightReservationTest.userRegistrationTest" duration-ms="1541" status="PASS">
          <reporter-output>
          </reporter-output>
        </test-method> <!-- registrationConfirmationTest -->
        <test-method signature="flightsSearchTest()[pri:0, instance:com.vinsguru.tests.flightreservation.FlightReservationTest@31920ade]" started-at="2023-10-09T17:22:33 GMT" name="flightsSearchTest" finished-at="2023-10-09T17:22:36 GMT" depends-on-methods="com.vinsguru.tests.flightreservation.FlightReservationTest.registrationConfirmationTest" duration-ms="2405" status="PASS">
          <reporter-output>
          </reporter-output>
        </test-method> <!-- flightsSearchTest -->
        <test-method signature="flightsSelectionTest()[pri:0, instance:com.vinsguru.tests.flightreservation.FlightReservationTest@31920ade]" started-at="2023-10-09T17:22:36 GMT" name="flightsSelectionTest" finished-at="2023-10-09T17:22:37 GMT" depends-on-methods="com.vinsguru.tests.flightreservation.FlightReservationTest.flightsSearchTest" duration-ms="1049" status="PASS">
          <reporter-output>
          </reporter-output>
        </test-method> <!-- flightsSelectionTest -->
        <test-method signature="flightReservationConfirmationTest()[pri:0, instance:com.vinsguru.tests.flightreservation.FlightReservationTest@31920ade]" started-at="2023-10-09T17:22:37 GMT" name="flightReservationConfirmationTest" finished-at="2023-10-09T17:22:39 GMT" depends-on-methods="com.vinsguru.tests.flightreservation.FlightReservationTest.flightsSelectionTest" duration-ms="2386" status="PASS">
          <reporter-output>
          </reporter-output>
        </test-method> <!-- flightReservationConfirmationTest -->
        <test-method is-config="true" signature="quitDriver()[pri:0, instance:com.vinsguru.tests.flightreservation.FlightReservationTest@31920ade]" started-at="2023-10-09T17:22:39 GMT" name="quitDriver" finished-at="2023-10-09T17:22:39 GMT" duration-ms="114" status="PASS">
          <reporter-output>
          </reporter-output>
        </test-method> <!-- quitDriver -->
      </class> <!-- com.vinsguru.tests.flightreservation.FlightReservationTest -->
    </test> <!-- passengers-count-2 -->
    <test started-at="2023-10-09T17:22:08 GMT" name="passengers-count-1" finished-at="2023-10-09T17:22:40 GMT" duration-ms="32807">
      <class name="com.vinsguru.tests.flightreservation.FlightReservationTest">
        <test-method is-config="true" signature="setDriver(org.testng.ITestContext)[pri:0, instance:com.vinsguru.tests.flightreservation.FlightReservationTest@4a3631f8]" started-at="2023-10-09T17:22:08 GMT" name="setDriver" finished-at="2023-10-09T17:22:27 GMT" duration-ms="19724" status="PASS">
          <params>
            <param index="0">
              <value>
                <![CDATA[org.testng.TestRunner@401f7633]]>
              </value>
            </param>
          </params>
          <reporter-output>
          </reporter-output>
        </test-method> <!-- setDriver -->
        <test-method is-config="true" signature="setParameters(java.lang.String)[pri:0, instance:com.vinsguru.tests.flightreservation.FlightReservationTest@4a3631f8]" started-at="2023-10-09T17:22:27 GMT" name="setParameters" finished-at="2023-10-09T17:22:27 GMT" depends-on-methods="com.vinsguru.tests.AbstractTest.setDriver" duration-ms="1" status="PASS">
          <params>
            <param index="0">
              <value>
                <![CDATA[test-data/flight-reservation/passenger-1.json]]>
              </value>
            </param>
          </params>
          <reporter-output>
          </reporter-output>
        </test-method> <!-- setParameters -->
        <test-method signature="userRegistrationTest()[pri:0, instance:com.vinsguru.tests.flightreservation.FlightReservationTest@4a3631f8]" started-at="2023-10-09T17:22:27 GMT" name="userRegistrationTest" finished-at="2023-10-09T17:22:32 GMT" duration-ms="4724" status="PASS">
          <reporter-output>
          </reporter-output>
        </test-method> <!-- userRegistrationTest -->
        <test-method signature="registrationConfirmationTest()[pri:0, instance:com.vinsguru.tests.flightreservation.FlightReservationTest@4a3631f8]" started-at="2023-10-09T17:22:32 GMT" name="registrationConfirmationTest" finished-at="2023-10-09T17:22:34 GMT" depends-on-methods="com.vinsguru.tests.flightreservation.FlightReservationTest.userRegistrationTest" duration-ms="1599" status="PASS">
          <reporter-output>
          </reporter-output>
        </test-method> <!-- registrationConfirmationTest -->
        <test-method signature="flightsSearchTest()[pri:0, instance:com.vinsguru.tests.flightreservation.FlightReservationTest@4a3631f8]" started-at="2023-10-09T17:22:34 GMT" name="flightsSearchTest" finished-at="2023-10-09T17:22:35 GMT" depends-on-methods="com.vinsguru.tests.flightreservation.FlightReservationTest.registrationConfirmationTest" duration-ms="1068" status="PASS">
          <reporter-output>
          </reporter-output>
        </test-method> <!-- flightsSearchTest -->
        <test-method signature="flightsSelectionTest()[pri:0, instance:com.vinsguru.tests.flightreservation.FlightReservationTest@4a3631f8]" started-at="2023-10-09T17:22:35 GMT" name="flightsSelectionTest" finished-at="2023-10-09T17:22:38 GMT" depends-on-methods="com.vinsguru.tests.flightreservation.FlightReservationTest.flightsSearchTest" duration-ms="3195" status="PASS">
          <reporter-output>
          </reporter-output>
        </test-method> <!-- flightsSelectionTest -->
        <test-method signature="flightReservationConfirmationTest()[pri:0, instance:com.vinsguru.tests.flightreservation.FlightReservationTest@4a3631f8]" started-at="2023-10-09T17:22:38 GMT" name="flightReservationConfirmationTest" finished-at="2023-10-09T17:22:40 GMT" depends-on-methods="com.vinsguru.tests.flightreservation.FlightReservationTest.flightsSelectionTest" duration-ms="2380" status="PASS">
          <reporter-output>
          </reporter-output>
        </test-method> <!-- flightReservationConfirmationTest -->
        <test-method is-config="true" signature="quitDriver()[pri:0, instance:com.vinsguru.tests.flightreservation.FlightReservationTest@4a3631f8]" started-at="2023-10-09T17:22:40 GMT" name="quitDriver" finished-at="2023-10-09T17:22:40 GMT" duration-ms="93" status="PASS">
          <reporter-output>
          </reporter-output>
        </test-method> <!-- quitDriver -->
      </class> <!-- com.vinsguru.tests.flightreservation.FlightReservationTest -->
    </test> <!-- passengers-count-1 -->
    <test started-at="2023-10-09T17:22:08 GMT" name="passengers-count-3" finished-at="2023-10-09T17:22:41 GMT" duration-ms="32990">
      <class name="com.vinsguru.tests.flightreservation.FlightReservationTest">
        <test-method is-config="true" signature="setDriver(org.testng.ITestContext)[pri:0, instance:com.vinsguru.tests.flightreservation.FlightReservationTest@4032d386]" started-at="2023-10-09T17:22:08 GMT" name="setDriver" finished-at="2023-10-09T17:22:32 GMT" duration-ms="24794" status="PASS">
          <params>
            <param index="0">
              <value>
                <![CDATA[org.testng.TestRunner@31ff43be]]>
              </value>
            </param>
          </params>
          <reporter-output>
          </reporter-output>
        </test-method> <!-- setDriver -->
        <test-method is-config="true" signature="setParameters(java.lang.String)[pri:0, instance:com.vinsguru.tests.flightreservation.FlightReservationTest@4032d386]" started-at="2023-10-09T17:22:32 GMT" name="setParameters" finished-at="2023-10-09T17:22:32 GMT" depends-on-methods="com.vinsguru.tests.AbstractTest.setDriver" duration-ms="3" status="PASS">
          <params>
            <param index="0">
              <value>
                <![CDATA[test-data/flight-reservation/passenger-3.json]]>
              </value>
            </param>
          </params>
          <reporter-output>
          </reporter-output>
        </test-method> <!-- setParameters -->
        <test-method signature="userRegistrationTest()[pri:0, instance:com.vinsguru.tests.flightreservation.FlightReservationTest@4032d386]" started-at="2023-10-09T17:22:32 GMT" name="userRegistrationTest" finished-at="2023-10-09T17:22:36 GMT" duration-ms="3314" status="PASS">
          <reporter-output>
          </reporter-output>
        </test-method> <!-- userRegistrationTest -->
        <test-method signature="registrationConfirmationTest()[pri:0, instance:com.vinsguru.tests.flightreservation.FlightReservationTest@4032d386]" started-at="2023-10-09T17:22:36 GMT" name="registrationConfirmationTest" finished-at="2023-10-09T17:22:38 GMT" depends-on-methods="com.vinsguru.tests.flightreservation.FlightReservationTest.userRegistrationTest" duration-ms="1960" status="PASS">
          <reporter-output>
          </reporter-output>
        </test-method> <!-- registrationConfirmationTest -->
        <test-method signature="flightsSearchTest()[pri:0, instance:com.vinsguru.tests.flightreservation.FlightReservationTest@4032d386]" started-at="2023-10-09T17:22:38 GMT" name="flightsSearchTest" finished-at="2023-10-09T17:22:39 GMT" depends-on-methods="com.vinsguru.tests.flightreservation.FlightReservationTest.registrationConfirmationTest" duration-ms="1034" status="PASS">
          <reporter-output>
          </reporter-output>
        </test-method> <!-- flightsSearchTest -->
        <test-method signature="flightsSelectionTest()[pri:0, instance:com.vinsguru.tests.flightreservation.FlightReservationTest@4032d386]" started-at="2023-10-09T17:22:39 GMT" name="flightsSelectionTest" finished-at="2023-10-09T17:22:40 GMT" depends-on-methods="com.vinsguru.tests.flightreservation.FlightReservationTest.flightsSearchTest" duration-ms="968" status="PASS">
          <reporter-output>
          </reporter-output>
        </test-method> <!-- flightsSelectionTest -->
        <test-method signature="flightReservationConfirmationTest()[pri:0, instance:com.vinsguru.tests.flightreservation.FlightReservationTest@4032d386]" started-at="2023-10-09T17:22:40 GMT" name="flightReservationConfirmationTest" finished-at="2023-10-09T17:22:41 GMT" depends-on-methods="com.vinsguru.tests.flightreservation.FlightReservationTest.flightsSelectionTest" duration-ms="782" status="PASS">
          <reporter-output>
          </reporter-output>
        </test-method> <!-- flightReservationConfirmationTest -->
        <test-method is-config="true" signature="quitDriver()[pri:0, instance:com.vinsguru.tests.flightreservation.FlightReservationTest@4032d386]" started-at="2023-10-09T17:22:41 GMT" name="quitDriver" finished-at="2023-10-09T17:22:41 GMT" duration-ms="114" status="PASS">
          <reporter-output>
          </reporter-output>
        </test-method> <!-- quitDriver -->
      </class> <!-- com.vinsguru.tests.flightreservation.FlightReservationTest -->
    </test> <!-- passengers-count-3 -->
    <test started-at="2023-10-09T17:22:08 GMT" name="passengers-count-4" finished-at="2023-10-09T17:22:42 GMT" duration-ms="34250">
      <class name="com.vinsguru.tests.flightreservation.FlightReservationTest">
        <test-method is-config="true" signature="setupConfig()[pri:0, instance:com.vinsguru.tests.flightreservation.FlightReservationTest@55cf0d14]" started-at="2023-10-09T17:22:08 GMT" name="setupConfig" finished-at="2023-10-09T17:22:08 GMT" duration-ms="23" status="PASS">
          <reporter-output>
          </reporter-output>
        </test-method> <!-- setupConfig -->
        <test-method is-config="true" signature="setDriver(org.testng.ITestContext)[pri:0, instance:com.vinsguru.tests.flightreservation.FlightReservationTest@55cf0d14]" started-at="2023-10-09T17:22:08 GMT" name="setDriver" finished-at="2023-10-09T17:22:27 GMT" duration-ms="19625" status="PASS">
          <params>
            <param index="0">
              <value>
                <![CDATA[org.testng.TestRunner@5b6ec132]]>
              </value>
            </param>
          </params>
          <reporter-output>
          </reporter-output>
        </test-method> <!-- setDriver -->
        <test-method is-config="true" signature="setParameters(java.lang.String)[pri:0, instance:com.vinsguru.tests.flightreservation.FlightReservationTest@55cf0d14]" started-at="2023-10-09T17:22:27 GMT" name="setParameters" finished-at="2023-10-09T17:22:27 GMT" depends-on-methods="com.vinsguru.tests.AbstractTest.setDriver" duration-ms="10" status="PASS">
          <params>
            <param index="0">
              <value>
                <![CDATA[test-data/flight-reservation/passenger-4.json]]>
              </value>
            </param>
          </params>
          <reporter-output>
          </reporter-output>
        </test-method> <!-- setParameters -->
        <test-method signature="userRegistrationTest()[pri:0, instance:com.vinsguru.tests.flightreservation.FlightReservationTest@55cf0d14]" started-at="2023-10-09T17:22:27 GMT" name="userRegistrationTest" finished-at="2023-10-09T17:22:32 GMT" duration-ms="4977" status="PASS">
          <reporter-output>
          </reporter-output>
        </test-method> <!-- userRegistrationTest -->
        <test-method signature="registrationConfirmationTest()[pri:0, instance:com.vinsguru.tests.flightreservation.FlightReservationTest@55cf0d14]" started-at="2023-10-09T17:22:32 GMT" name="registrationConfirmationTest" finished-at="2023-10-09T17:22:36 GMT" depends-on-methods="com.vinsguru.tests.flightreservation.FlightReservationTest.userRegistrationTest" duration-ms="3276" status="PASS">
          <reporter-output>
          </reporter-output>
        </test-method> <!-- registrationConfirmationTest -->
        <test-method signature="flightsSearchTest()[pri:0, instance:com.vinsguru.tests.flightreservation.FlightReservationTest@55cf0d14]" started-at="2023-10-09T17:22:36 GMT" name="flightsSearchTest" finished-at="2023-10-09T17:22:37 GMT" depends-on-methods="com.vinsguru.tests.flightreservation.FlightReservationTest.registrationConfirmationTest" duration-ms="1157" status="PASS">
          <reporter-output>
          </reporter-output>
        </test-method> <!-- flightsSearchTest -->
        <test-method signature="flightsSelectionTest()[pri:0, instance:com.vinsguru.tests.flightreservation.FlightReservationTest@55cf0d14]" started-at="2023-10-09T17:22:37 GMT" name="flightsSelectionTest" finished-at="2023-10-09T17:22:40 GMT" depends-on-methods="com.vinsguru.tests.flightreservation.FlightReservationTest.flightsSearchTest" duration-ms="3178" status="PASS">
          <reporter-output>
          </reporter-output>
        </test-method> <!-- flightsSelectionTest -->
        <test-method signature="flightReservationConfirmationTest()[pri:0, instance:com.vinsguru.tests.flightreservation.FlightReservationTest@55cf0d14]" started-at="2023-10-09T17:22:40 GMT" name="flightReservationConfirmationTest" finished-at="2023-10-09T17:22:42 GMT" depends-on-methods="com.vinsguru.tests.flightreservation.FlightReservationTest.flightsSelectionTest" duration-ms="1853" status="PASS">
          <reporter-output>
          </reporter-output>
        </test-method> <!-- flightReservationConfirmationTest -->
        <test-method is-config="true" signature="quitDriver()[pri:0, instance:com.vinsguru.tests.flightreservation.FlightReservationTest@55cf0d14]" started-at="2023-10-09T17:22:42 GMT" name="quitDriver" finished-at="2023-10-09T17:22:42 GMT" duration-ms="79" status="PASS">
          <reporter-output>
          </reporter-output>
        </test-method> <!-- quitDriver -->
      </class> <!-- com.vinsguru.tests.flightreservation.FlightReservationTest -->
    </test> <!-- passengers-count-4 -->
  </suite> <!-- flight-reservation -->
</testng-results>
